2022-08-11 11:02:37,101 INFO    : Start Running
2022-08-11 11:02:40,369 INFO    : select "COL01" from "PUBLIC"."TEST001" limit 1
2022-08-11 11:02:40,369 INFO    : 检查字段是否存在
2022-08-11 11:02:40,605 INFO    : 字段 COL01在表 PUBLIC.TEST001 中存在
2022-08-11 11:02:40,605 INFO    : select "COL01" from "PUBLIC"."TEST001" limit 1
2022-08-11 11:02:40,605 INFO    : 检查字段是否存在
2022-08-11 11:02:40,621 INFO    : 字段 COL01在表 PUBLIC.TEST001 中存在
2022-08-11 11:02:40,621 INFO    : 将数据插入元数据表
2022-08-11 11:02:40,676 INFO    : 数据插入元数据表成功
2022-08-11 11:02:49,494 INFO    : Start Running
2022-08-11 11:02:52,031 INFO    : select "COL01" from "PUBLIC"."TEST001" limit 1
2022-08-11 11:02:52,031 INFO    : 检查字段是否存在
2022-08-11 11:02:52,333 INFO    : 字段 COL01在表 PUBLIC.TEST001 中存在
2022-08-11 11:02:52,333 INFO    : select "COL01" from "PUBLIC"."TEST001" limit 1
2022-08-11 11:02:52,333 INFO    : 检查字段是否存在
2022-08-11 11:02:52,350 INFO    : 字段 COL01在表 PUBLIC.TEST001 中存在
2022-08-11 11:02:52,350 INFO    : 将数据插入元数据表
2022-08-11 11:02:52,446 INFO    : 数据插入元数据表成功
2022-08-11 11:11:53,842 INFO    : Start Running
2022-08-11 11:11:56,314 INFO    : select "COL01" from "PUBLIC"."TEST001" limit 1
2022-08-11 11:11:56,314 INFO    : 检查字段是否存在
2022-08-11 11:11:56,666 INFO    : 字段 COL01在表 PUBLIC.TEST001 中存在
2022-08-11 11:11:56,666 INFO    : select "COL01" from "PUBLIC"."TEST001" limit 1
2022-08-11 11:11:56,666 INFO    : 检查字段是否存在
2022-08-11 11:11:56,685 INFO    : 字段 COL01在表 PUBLIC.TEST001 中存在
2022-08-11 11:11:56,685 INFO    : 将数据插入元数据表
2022-08-11 11:11:56,835 INFO    : 数据插入元数据表成功
2022-08-11 11:15:32,575 INFO    : Start Running
2022-08-11 11:15:34,991 INFO    : select "COL01" from "PUBLIC"."TEST001" limit 1
2022-08-11 11:15:34,991 INFO    : 检查字段是否存在
2022-08-11 11:15:35,282 INFO    : 字段 COL01在表 PUBLIC.TEST001 中存在
2022-08-11 11:15:35,282 INFO    : select "COL01" from "PUBLIC"."TEST001" limit 1
2022-08-11 11:15:35,282 INFO    : 检查字段是否存在
2022-08-11 11:15:35,299 INFO    : 字段 COL01在表 PUBLIC.TEST001 中存在
2022-08-11 11:15:35,299 INFO    : 将数据插入元数据表
2022-08-11 11:15:35,411 INFO    : 数据插入元数据表成功
2022-08-11 11:16:18,768 ERROR   : 传入文件不存在，文件名称为：example.json
2022-08-11 11:16:32,120 INFO    : Start Running
2022-08-11 11:16:34,752 INFO    : select "COL01" from "PUBLIC"."TEST001" limit 1
2022-08-11 11:16:34,752 INFO    : 检查字段是否存在
2022-08-11 11:16:34,974 INFO    : 字段 COL01在表 PUBLIC.TEST001 中存在
2022-08-11 11:16:34,974 INFO    : select "COL01" from "PUBLIC"."TEST001" limit 1
2022-08-11 11:16:34,974 INFO    : 检查字段是否存在
2022-08-11 11:16:34,988 INFO    : 字段 COL01在表 PUBLIC.TEST001 中存在
2022-08-11 11:16:34,988 INFO    : 将数据插入元数据表
2022-08-11 11:16:35,052 INFO    : 数据插入元数据表成功
2022-08-11 11:21:17,711 INFO    : Start Running
2022-08-11 11:21:20,530 INFO    : select "COL01" from "PUBLIC"."TEST001" limit 1
2022-08-11 11:21:20,530 INFO    : 检查字段是否存在
2022-08-11 11:21:20,756 INFO    : 字段 COL01在表 PUBLIC.TEST001 中存在
2022-08-11 11:21:20,756 INFO    : select "COL01" from "PUBLIC"."TEST001" limit 1
2022-08-11 11:21:20,756 INFO    : 检查字段是否存在
2022-08-11 11:21:20,773 INFO    : 字段 COL01在表 PUBLIC.TEST001 中存在
2022-08-11 11:21:20,773 INFO    : 将数据插入元数据表
2022-08-11 11:21:20,849 INFO    : 数据插入元数据表成功
